<?xml version="1.0" encoding="UTF-8"?>
<testng-results ignored="0" total="2" passed="2" failed="0" skipped="0">
  <reporter-output>
  </reporter-output>
  <suite started-at="2022-07-28T19:43:13 IST" name="Suite" finished-at="2022-07-28T19:45:08 IST" duration-ms="115160">
    <groups>
    </groups>
    <test started-at="2022-07-28T19:43:13 IST" name="Chrome" finished-at="2022-07-28T19:45:08 IST" duration-ms="115160">
      <class name="TestClasses.VerifyUserCanLogin">
        <test-method is-config="true" signature="beforeClass(java.lang.String)[pri:0, instance:TestClasses.VerifyUserCanLogin@7c7b252e]" started-at="2022-07-28T19:43:13 IST" name="beforeClass" finished-at="2022-07-28T19:44:30 IST" duration-ms="76665" status="PASS">
          <params>
            <param index="0">
              <value>
                <![CDATA[chrome]]>
              </value>
            </param>
          </params>
          <reporter-output>
          </reporter-output>
        </test-method> <!-- beforeClass -->
        <test-method is-config="true" signature="beforeMethod()[pri:0, instance:TestClasses.VerifyUserCanLogin@7c7b252e]" started-at="2022-07-28T19:44:30 IST" name="beforeMethod" finished-at="2022-07-28T19:44:30 IST" duration-ms="175" status="PASS">
          <reporter-output>
          </reporter-output>
        </test-method> <!-- beforeMethod -->
        <test-method signature="verifyUserCanLogin()[pri:0, instance:TestClasses.VerifyUserCanLogin@7c7b252e]" started-at="2022-07-28T19:44:30 IST" name="verifyUserCanLogin" finished-at="2022-07-28T19:45:04 IST" duration-ms="33998" status="PASS">
          <reporter-output>
          </reporter-output>
        </test-method> <!-- verifyUserCanLogin -->
        <test-method is-config="true" signature="afterMethod()[pri:0, instance:TestClasses.VerifyUserCanLogin@7c7b252e]" started-at="2022-07-28T19:45:04 IST" name="afterMethod" finished-at="2022-07-28T19:45:04 IST" duration-ms="7" status="PASS">
          <reporter-output>
          </reporter-output>
        </test-method> <!-- afterMethod -->
        <test-method is-config="true" signature="afterClass()[pri:0, instance:TestClasses.VerifyUserCanLogin@7c7b252e]" started-at="2022-07-28T19:45:04 IST" name="afterClass" finished-at="2022-07-28T19:45:04 IST" duration-ms="2" status="PASS">
          <reporter-output>
          </reporter-output>
        </test-method> <!-- afterClass -->
      </class> <!-- TestClasses.VerifyUserCanLogin -->
      <class name="TestClasses.VerifyUserCanAddAddress">
        <test-method is-config="true" signature="beforeClass(java.lang.String)[pri:0, instance:TestClasses.VerifyUserCanAddAddress@55182842]" started-at="2022-07-28T19:45:04 IST" name="beforeClass" finished-at="2022-07-28T19:45:04 IST" duration-ms="3" status="PASS">
          <params>
            <param index="0">
              <value>
                <![CDATA[chrome]]>
              </value>
            </param>
          </params>
          <reporter-output>
          </reporter-output>
        </test-method> <!-- beforeClass -->
        <test-method is-config="true" signature="beforeMethod()[pri:0, instance:TestClasses.VerifyUserCanAddAddress@55182842]" started-at="2022-07-28T19:45:04 IST" name="beforeMethod" finished-at="2022-07-28T19:45:04 IST" duration-ms="3" status="PASS">
          <reporter-output>
          </reporter-output>
        </test-method> <!-- beforeMethod -->
        <test-method signature="verifyUserCanAddAddress()[pri:0, instance:TestClasses.VerifyUserCanAddAddress@55182842]" started-at="2022-07-28T19:45:04 IST" name="verifyUserCanAddAddress" finished-at="2022-07-28T19:45:08 IST" duration-ms="4076" status="PASS">
          <reporter-output>
          </reporter-output>
        </test-method> <!-- verifyUserCanAddAddress -->
        <test-method is-config="true" signature="afterMethod()[pri:0, instance:TestClasses.VerifyUserCanAddAddress@55182842]" started-at="2022-07-28T19:45:08 IST" name="afterMethod" finished-at="2022-07-28T19:45:08 IST" duration-ms="2" status="PASS">
          <reporter-output>
          </reporter-output>
        </test-method> <!-- afterMethod -->
        <test-method is-config="true" signature="afterClass()[pri:0, instance:TestClasses.VerifyUserCanAddAddress@55182842]" started-at="2022-07-28T19:45:08 IST" name="afterClass" finished-at="2022-07-28T19:45:08 IST" duration-ms="2" status="PASS">
          <reporter-output>
          </reporter-output>
        </test-method> <!-- afterClass -->
      </class> <!-- TestClasses.VerifyUserCanAddAddress -->
    </test> <!-- Chrome -->
  </suite> <!-- Suite -->
</testng-results>
